<?xml version="1.0" encoding="UTF-8"?>
<!-- Generated by org.testng.reporters.JUnitReportReporter -->
<testsuite skipped="0" hostname="0253-1812" name="com.XBP.test.DueDateFullAmount" tests="1" failures="0" timestamp="27 May 2019 15:17:46 GMT" time="114.027" errors="0">
  <testcase name="DueDateFullAmountAutoPay" time="114.027" classname="com.XBP.test.DueDateFullAmount"/>
</testsuite> <!-- com.XBP.test.DueDateFullAmount -->
