<?xml version="1.0" encoding="UTF-8"?>
<!-- Generated by org.testng.reporters.JUnitReportReporter -->
<testsuite skipped="0" hostname="0253-1812" name="com.XBP.test.FixedDayFullAmount" tests="1" failures="0" timestamp="11 Feb 2019 09:58:53 GMT" time="130.297" errors="0">
  <testcase name="VerifyLogin" time="130.297" classname="com.XBP.test.FixedDayFullAmount"/>
</testsuite> <!-- com.XBP.test.FixedDayFullAmount -->
