<?xml version="1.0" encoding="UTF-8"?>
<!-- Generated by org.testng.reporters.JUnitReportReporter -->
<testsuite skipped="0" hostname="0253-1812" name="com.XBP.test.FixedDayFixedAmount" tests="1" failures="0" timestamp="31 May 2019 12:02:25 GMT" time="124.803" errors="0">
  <testcase name="FixedDayFixedAmountAutoPay" time="124.803" classname="com.XBP.test.FixedDayFixedAmount"/>
</testsuite> <!-- com.XBP.test.FixedDayFixedAmount -->
