<?xml version="1.0" encoding="UTF-8"?>
<!-- Generated by org.testng.reporters.JUnitReportReporter -->
<testsuite skipped="0" hostname="0253-1812" name="com.XBP.test.LoginPageTest" tests="1" failures="0" timestamp="05 Feb 2019 11:38:25 GMT" time="122.098" errors="0">
  <testcase name="VerifyLogin" time="122.098" classname="com.XBP.test.LoginPageTest"/>
</testsuite> <!-- com.XBP.test.LoginPageTest -->
